# JRE version: OpenJDK Runtime Environment (8.0_242-b01) (build 1.8.0_242-release-1644-b01)
# Java VM: OpenJDK 64-Bit Server VM (25.242-b01 mixed mode windows-amd64 compressed oops)
Heap:
 PSYoungGen      total 543744K, used 306168K [0x00000000d5580000, 0x00000000f9300000, 0x0000000100000000)
  eden space 521728K, 58% used [0x00000000d5580000,0x00000000e7d5e440,0x00000000f5300000)
  from space 22016K, 14% used [0x00000000f7d80000,0x00000000f809fd10,0x00000000f9300000)
  to   space 32768K, 0% used [0x00000000f5300000,0x00000000f5300000,0x00000000f7300000)
 ParOldGen       total 292864K, used 79737K [0x0000000080000000, 0x0000000091e00000, 0x00000000d5580000)
  object space 292864K, 27% used [0x0000000080000000,0x0000000084dde448,0x0000000091e00000)
 Metaspace       used 101610K, capacity 106266K, committed 108312K, reserved 1142784K
  class space    used 13078K, capacity 13957K, committed 14384K, reserved 1048576K
GC Heap History (10 events):
Event: 2153.205 GC heap before
{Heap before GC invocations=24 (full 4):
 PSYoungGen      total 326144K, used 294917K [0x00000000d5580000, 0x00000000eff80000, 0x0000000100000000)
  eden space 290816K, 100% used [0x00000000d5580000,0x00000000e7180000,0x00000000e7180000)
  from space 35328K, 11% used [0x00000000e7180000,0x00000000e75814c0,0x00000000e9400000)
  to   space 35840K, 0% used [0x00000000edc80000,0x00000000edc80000,0x00000000eff80000)
 ParOldGen       total 292864K, used 60823K [0x0000000080000000, 0x0000000091e00000, 0x00000000d5580000)
  object space 292864K, 20% used [0x0000000080000000,0x0000000083b65fd0,0x0000000091e00000)
 Metaspace       used 96458K, capacity 100812K, committed 103576K, reserved 1138688K
  class space    used 12558K, capacity 13414K, committed 14000K, reserved 1048576K
Event: 2153.214 GC heap after
Heap after GC invocations=24 (full 4):
 PSYoungGen      total 393216K, used 8630K [0x00000000d5580000, 0x00000000efb00000, 0x0000000100000000)
  eden space 361984K, 0% used [0x00000000d5580000,0x00000000d5580000,0x00000000eb700000)
  from space 31232K, 27% used [0x00000000edc80000,0x00000000ee4edbc0,0x00000000efb00000)
  to   space 34816K, 0% used [0x00000000eb700000,0x00000000eb700000,0x00000000ed900000)
 ParOldGen       total 292864K, used 63522K [0x0000000080000000, 0x0000000091e00000, 0x00000000d5580000)
  object space 292864K, 21% used [0x0000000080000000,0x0000000083e089e8,0x0000000091e00000)
 Metaspace       used 96458K, capacity 100812K, committed 103576K, reserved 1138688K
  class space    used 12558K, capacity 13414K, committed 14000K, reserved 1048576K
}
Event: 2153.868 GC heap before
{Heap before GC invocations=25 (full 4):
 PSYoungGen      total 393216K, used 370614K [0x00000000d5580000, 0x00000000efb00000, 0x0000000100000000)
  eden space 361984K, 100% used [0x00000000d5580000,0x00000000eb700000,0x00000000eb700000)
  from space 31232K, 27% used [0x00000000edc80000,0x00000000ee4edbc0,0x00000000efb00000)
  to   space 34816K, 0% used [0x00000000eb700000,0x00000000eb700000,0x00000000ed900000)
 ParOldGen       total 292864K, used 63522K [0x0000000080000000, 0x0000000091e00000, 0x00000000d5580000)
  object space 292864K, 21% used [0x0000000080000000,0x0000000083e089e8,0x0000000091e00000)
 Metaspace       used 96745K, capacity 101112K, committed 103832K, reserved 1138688K
  class space    used 12559K, capacity 13414K, committed 14000K, reserved 1048576K
Event: 2153.877 GC heap after
Heap after GC invocations=25 (full 4):
 PSYoungGen      total 396800K, used 3552K [0x00000000d5580000, 0x00000000f4c00000, 0x0000000100000000)
  eden space 361984K, 0% used [0x00000000d5580000,0x00000000d5580000,0x00000000eb700000)
  from space 34816K, 10% used [0x00000000eb700000,0x00000000eba78010,0x00000000ed900000)
  to   space 34816K, 0% used [0x00000000f2a00000,0x00000000f2a00000,0x00000000f4c00000)
 ParOldGen       total 292864K, used 70915K [0x0000000080000000, 0x0000000091e00000, 0x00000000d5580000)
  object space 292864K, 24% used [0x0000000080000000,0x0000000084540fe8,0x0000000091e00000)
 Metaspace       used 96745K, capacity 101112K, committed 103832K, reserved 1138688K
  class space    used 12559K, capacity 13414K, committed 14000K, reserved 1048576K
}
Event: 2154.469 GC heap before
{Heap before GC invocations=26 (full 4):
 PSYoungGen      total 396800K, used 365536K [0x00000000d5580000, 0x00000000f4c00000, 0x0000000100000000)
  eden space 361984K, 100% used [0x00000000d5580000,0x00000000eb700000,0x00000000eb700000)
  from space 34816K, 10% used [0x00000000eb700000,0x00000000eba78010,0x00000000ed900000)
  to   space 34816K, 0% used [0x00000000f2a00000,0x00000000f2a00000,0x00000000f4c00000)
 ParOldGen       total 292864K, used 70915K [0x0000000080000000, 0x0000000091e00000, 0x00000000d5580000)
  object space 292864K, 24% used [0x0000000080000000,0x0000000084540fe8,0x0000000091e00000)
 Metaspace       used 96829K, capacity 101208K, committed 103832K, reserved 1138688K
  class space    used 12562K, capacity 13418K, committed 14000K, reserved 1048576K
Event: 2154.477 GC heap after
Heap after GC invocations=26 (full 4):
 PSYoungGen      total 469504K, used 3616K [0x00000000d5580000, 0x00000000f4680000, 0x0000000100000000)
  eden space 440320K, 0% used [0x00000000d5580000,0x00000000d5580000,0x00000000f0380000)
  from space 29184K, 12% used [0x00000000f2a00000,0x00000000f2d88000,0x00000000f4680000)
  to   space 34304K, 0% used [0x00000000f0380000,0x00000000f0380000,0x00000000f2500000)
 ParOldGen       total 292864K, used 73876K [0x0000000080000000, 0x0000000091e00000, 0x00000000d5580000)
  object space 292864K, 25% used [0x0000000080000000,0x0000000084825300,0x0000000091e00000)
 Metaspace       used 96829K, capacity 101208K, committed 103832K, reserved 1138688K
  class space    used 12562K, capacity 13418K, committed 14000K, reserved 1048576K
}
Event: 2155.125 GC heap before
{Heap before GC invocations=27 (full 4):
 PSYoungGen      total 469504K, used 443936K [0x00000000d5580000, 0x00000000f4680000, 0x0000000100000000)
  eden space 440320K, 100% used [0x00000000d5580000,0x00000000f0380000,0x00000000f0380000)
  from space 29184K, 12% used [0x00000000f2a00000,0x00000000f2d88000,0x00000000f4680000)
  to   space 34304K, 0% used [0x00000000f0380000,0x00000000f0380000,0x00000000f2500000)
 ParOldGen       total 292864K, used 73876K [0x0000000080000000, 0x0000000091e00000, 0x00000000d5580000)
  object space 292864K, 25% used [0x0000000080000000,0x0000000084825300,0x0000000091e00000)
 Metaspace       used 97087K, capacity 101458K, committed 104088K, reserved 1138688K
  class space    used 12563K, capacity 13421K, committed 14000K, reserved 1048576K
Event: 2155.134 GC heap after
Heap after GC invocations=27 (full 4):
 PSYoungGen      total 474624K, used 8135K [0x00000000d5580000, 0x00000000f9e00000, 0x0000000100000000)
  eden space 440320K, 0% used [0x00000000d5580000,0x00000000d5580000,0x00000000f0380000)
  from space 34304K, 23% used [0x00000000f0380000,0x00000000f0b71ce8,0x00000000f2500000)
  to   space 33280K, 0% used [0x00000000f7d80000,0x00000000f7d80000,0x00000000f9e00000)
 ParOldGen       total 292864K, used 76609K [0x0000000080000000, 0x0000000091e00000, 0x00000000d5580000)
  object space 292864K, 26% used [0x0000000080000000,0x0000000084ad0668,0x0000000091e00000)
 Metaspace       used 97087K, capacity 101458K, committed 104088K, reserved 1138688K
  class space    used 12563K, capacity 13421K, committed 14000K, reserved 1048576K
}
Event: 2157.909 GC heap before
{Heap before GC invocations=28 (full 4):
 PSYoungGen      total 474624K, used 448455K [0x00000000d5580000, 0x00000000f9e00000, 0x0000000100000000)
  eden space 440320K, 100% used [0x00000000d5580000,0x00000000f0380000,0x00000000f0380000)
  from space 34304K, 23% used [0x00000000f0380000,0x00000000f0b71ce8,0x00000000f2500000)
  to   space 33280K, 0% used [0x00000000f7d80000,0x00000000f7d80000,0x00000000f9e00000)
 ParOldGen       total 292864K, used 76609K [0x0000000080000000, 0x0000000091e00000, 0x00000000d5580000)
  object space 292864K, 26% used [0x0000000080000000,0x0000000084ad0668,0x0000000091e00000)
 Metaspace       used 98058K, capacity 102680K, committed 104856K, reserved 1140736K
  class space    used 12660K, capacity 13552K, committed 14000K, reserved 1048576K
Event: 2157.918 GC heap after
Heap after GC invocations=28 (full 4):
 PSYoungGen      total 543744K, used 3199K [0x00000000d5580000, 0x00000000f9300000, 0x0000000100000000)
  eden space 521728K, 0% used [0x00000000d5580000,0x00000000d5580000,0x00000000f5300000)
  from space 22016K, 14% used [0x00000000f7d80000,0x00000000f809fd10,0x00000000f9300000)
  to   space 32768K, 0% used [0x00000000f5300000,0x00000000f5300000,0x00000000f7300000)
 ParOldGen       total 292864K, used 79737K [0x0000000080000000, 0x0000000091e00000, 0x00000000d5580000)
  object space 292864K, 27% used [0x0000000080000000,0x0000000084dde448,0x0000000091e00000)
 Metaspace       used 98058K, capacity 102680K, committed 104856K, reserved 1140736K
  class space    used 12660K, capacity 13552K, committed 14000K, reserved 1048576K
}

